<?xml version="1.0" encoding="UTF-8"?>
<testsuite name="LibraryTest" tests="1" skipped="0" failures="0" errors="0" timestamp="2018-06-14T09:25:16" hostname="WINIB-91TK5PJIG" time="16.6">
  <properties/>
  <testcase name="ChromeTest" classname="LibraryTest" time="16.6"/>
  <system-out><![CDATA[]]></system-out>
  <system-err><![CDATA[Starting ChromeDriver 2.40.565498 (ea082db3280dd6843ebfb08a625e3eb905c4f5ab) on port 38239
Only local connections are allowed.
juin 14, 2018 11:25:19 AM org.openqa.selenium.remote.ProtocolHandshake createSession
INFOS: Detected dialect: OSS
]]></system-err>
</testsuite>
