<?xml version="1.0" encoding="UTF-8"?>
<testsuite name="LibraryTest2" tests="2" skipped="0" failures="0" errors="0" timestamp="2018-06-14T09:25:33" hostname="WINIB-91TK5PJIG" time="0.001">
  <properties/>
  <testcase name="subtest" classname="LibraryTest2" time="0.0"/>
  <testcase name="addtest" classname="LibraryTest2" time="0.001"/>
  <system-out><![CDATA[DBS sd 5
before test
test sub
test finished
before test
test add
test finished
DBS finished
]]></system-out>
  <system-err><![CDATA[]]></system-err>
</testsuite>
